<?xml version="1.0" encoding="UTF-8"?>
<!-- Generated by org.testng.reporters.JUnitXMLReporter -->
<testsuite ignored="0" hostname="DESKTOP-JRS8D16" failures="2" tests="3" name="Test" time="44.017" errors="0" timestamp="2023-05-30T11:34:14 PDT">
  <testcase classname="betch14testNg.OrangeHRM" name="editUser" time="0.682">
    <failure type="java.lang.IllegalArgumentException" message="Keys to send should be a not null CharSequence">
      <![CDATA[java.lang.IllegalArgumentException: Keys to send should be a not null CharSequence
at org.openqa.selenium.remote.RemoteWebElement.sendKeys(RemoteWebElement.java:98)
at betch14testNg.OrangeHRM.editUser(OrangeHRM.java:57)
at java.base/java.util.ArrayList.forEach(ArrayList.java:1511)
... Removed 27 stack frames]]>
    </failure>
  </testcase> <!-- editUser -->
  <testcase classname="betch14testNg.OrangeHRM" name="delete" time="0.543">
    <failure type="java.lang.IllegalArgumentException" message="Keys to send should be a not null CharSequence">
      <![CDATA[java.lang.IllegalArgumentException: Keys to send should be a not null CharSequence
at org.openqa.selenium.remote.RemoteWebElement.sendKeys(RemoteWebElement.java:98)
at betch14testNg.OrangeHRM.delete(OrangeHRM.java:74)
at java.base/java.util.ArrayList.forEach(ArrayList.java:1511)
... Removed 27 stack frames]]>
    </failure>
  </testcase> <!-- delete -->
  <testcase classname="betch14testNg.OrangeHRM" name="addUser" time="3.897"/>
</testsuite> <!-- Test -->
